SF:lib\data\models\movie_model.dart
DA:4,4
DA:13,2
DA:24,4
DA:25,2
DA:26,2
DA:27,2
DA:28,2
DA:29,2
DA:30,2
DA:31,2
DA:32,2
DA:35,2
DA:36,1
DA:37,1
DA:38,1
DA:39,1
DA:40,1
DA:41,1
DA:42,1
DA:43,1
DA:46,2
DA:47,1
DA:48,1
DA:49,1
DA:50,1
DA:51,1
DA:52,1
DA:53,1
DA:54,1
LF:29
LH:29
end_of_record
SF:lib\domain\entities\movie.dart
DA:4,8
DA:25,3
DA:26,3
DA:27,3
DA:28,3
DA:29,3
DA:30,3
DA:31,3
DA:32,3
DA:33,3
DA:34,3
LF:11
LH:11
end_of_record
SF:lib\core\constants\urls.dart
DA:4,1
DA:5,1
LF:2
LH:2
end_of_record
SF:lib\core\error\failure.dart
DA:5,3
DA:7,0
DA:8,0
DA:12,3
DA:16,0
LF:5
LH:2
end_of_record
SF:lib\data\data_sources\remote_data_source.dart
DA:19,1
DA:21,1
DA:24,4
DA:26,2
DA:27,3
DA:29,1
LF:6
LH:6
end_of_record
SF:lib\domain\usecases\get_movie_details.dart
DA:9,1
DA:11,1
DA:12,2
LF:3
LH:3
end_of_record
SF:lib\data\repositories\movie_repository_impl.dart
DA:11,1
DA:13,1
DA:16,2
DA:18,2
DA:19,1
LF:5
LH:5
end_of_record
SF:lib\presentation\bloc\movie_bloc.dart
DA:9,3
DA:10,1
DA:11,1
DA:12,2
DA:13,3
DA:14,1
DA:15,1
DA:16,3
DA:18,1
DA:19,2
DA:28,1
DA:33,1
DA:34,3
LF:13
LH:13
end_of_record
SF:lib\presentation\bloc\movie_event.dart
DA:4,2
DA:6,0
DA:7,0
DA:13,2
DA:15,1
DA:16,2
LF:6
LH:4
end_of_record
SF:lib\presentation\bloc\movie_state.dart
DA:5,4
DA:7,1
DA:8,1
DA:18,3
DA:20,1
DA:21,2
DA:27,3
DA:29,1
DA:30,2
LF:9
LH:9
end_of_record
SF:lib\presentation\screens\movie_screen.dart
DA:9,1
DA:11,1
DA:13,1
DA:14,1
DA:22,1
DA:24,1
DA:26,1
DA:27,1
DA:29,1
DA:34,1
DA:36,1
DA:37,1
DA:39,1
DA:41,1
DA:42,3
DA:46,1
DA:47,1
DA:48,1
DA:53,1
DA:54,1
DA:56,1
DA:57,1
DA:59,1
DA:60,1
DA:61,1
DA:62,2
DA:67,1
DA:69,1
DA:70,1
DA:71,2
DA:77,1
DA:79,2
DA:81,1
DA:83,2
DA:85,1
DA:87,2
DA:89,1
DA:91,2
DA:93,1
DA:95,2
DA:97,1
DA:99,2
DA:108,1
DA:109,1
DA:110,1
DA:112,1
DA:116,1
LF:47
LH:47
end_of_record
SF:lib\presentation\widgets\detail_widget.dart
DA:7,1
DA:13,1
DA:15,1
DA:16,1
DA:17,1
DA:18,2
DA:24,1
DA:25,1
LF:8
LH:8
end_of_record
